Godot Engine v4.7.stable.official.5b4e0cb0f - https://godotengine.org
OpenGL API 4.1 Metal - 90.5 - Compatibility - Using Device: Apple - Apple M2

ERROR: Can't change this state while flushing queries. Use call_deferred() or set_deferred() to change monitoring state instead.
   at: body_set_shape_disabled (modules/godot_physics_2d/godot_physics_server_2d.cpp:653)
   GDScript backtrace (most recent call first):
       [0] _die (res://scenes/enemy/ice_slime.gd:67)
       [1] take_damage (res://scenes/enemy/enemy.gd:118)
       [2] _on_body_entered (res://scenes/bullet/bullet.gd:47)
ERROR: Can't change this state while flushing queries. Use call_deferred() or set_deferred() to change monitoring state instead.
   at: body_set_shape_as_one_way_collision (modules/godot_physics_2d/godot_physics_server_2d.cpp:662)
   GDScript backtrace (most recent call first):
       [0] _die (res://scenes/enemy/ice_slime.gd:67)
       [1] take_damage (res://scenes/enemy/enemy.gd:118)
       [2] _on_body_entered (res://scenes/bullet/bullet.gd:47)
ERROR: Can't change this state while flushing queries. Use call_deferred() or set_deferred() to change monitoring state instead.
   at: body_set_shape_as_one_way_collision (modules/godot_physics_2d/godot_physics_server_2d.cpp:662)
   GDScript backtrace (most recent call first):
       [0] _die (res://scenes/enemy/ice_slime.gd:67)
       [1] take_damage (res://scenes/enemy/enemy.gd:118)
       [2] _on_body_entered (res://scenes/bullet/bullet.gd:47)
ERROR: Can't change this state while flushing queries. Use call_deferred() or set_deferred() to change monitoring state instead.
   at: body_set_shape_as_one_way_collision (modules/godot_physics_2d/godot_physics_server_2d.cpp:662)
   GDScript backtrace (most recent call first):
       [0] _die (res://scenes/enemy/ice_slime.gd:67)
       [1] take_damage (res://scenes/enemy/enemy.gd:118)
       [2] _on_body_entered (res://scenes/bullet/bullet.gd:47)
ERROR: Can't change this state while flushing queries. Use call_deferred() or set_deferred() to change monitoring state instead.
   at: body_set_shape_disabled (modules/godot_physics_2d/godot_physics_server_2d.cpp:653)
   GDScript backtrace (most recent call first):
       [0] _die (res://scenes/enemy/ice_slime.gd:67)
       [1] take_damage (res://scenes/enemy/enemy.gd:118)
       [2] _on_body_entered (res://scenes/bullet/bullet.gd:47)
ERROR: Can't change this state while flushing queries. Use call_deferred() or set_deferred() to change monitoring state instead.
   at: body_set_shape_as_one_way_collision (modules/godot_physics_2d/godot_physics_server_2d.cpp:662)
   GDScript backtrace (most recent call first):
       [0] _die (res://scenes/enemy/ice_slime.gd:67)
       [1] take_damage (res://scenes/enemy/enemy.gd:118)
       [2] _on_body_entered (res://scenes/bullet/bullet.gd:47)
ERROR: Can't change this state while flushing queries. Use call_deferred() or set_deferred() to change monitoring state instead.
   at: body_set_shape_as_one_way_collision (modules/godot_physics_2d/godot_physics_server_2d.cpp:662)
   GDScript backtrace (most recent call first):
       [0] _die (res://scenes/enemy/ice_slime.gd:67)
       [1] take_damage (res://scenes/enemy/enemy.gd:118)
       [2] _on_body_entered (res://scenes/bullet/bullet.gd:47)
ERROR: Can't change this state while flushing queries. Use call_deferred() or set_deferred() to change monitoring state instead.
   at: body_set_shape_as_one_way_collision (modules/godot_physics_2d/godot_physics_server_2d.cpp:662)
   GDScript backtrace (most recent call first):
       [0] _die (res://scenes/enemy/ice_slime.gd:67)
       [1] take_damage (res://scenes/enemy/enemy.gd:118)
       [2] _on_body_entered (res://scenes/bullet/bullet.gd:47)
ERROR: Can't change this state while flushing queries. Use call_deferred() or set_deferred() to change monitoring state instead.
   at: body_set_shape_disabled (modules/godot_physics_2d/godot_physics_server_2d.cpp:653)
   GDScript backtrace (most recent call first):
       [0] _die (res://scenes/enemy/ice_slime.gd:67)
       [1] take_damage (res://scenes/enemy/enemy.gd:118)
       [2] _on_body_entered (res://scenes/bullet/bullet.gd:47)
ERROR: Can't change this state while flushing queries. Use call_deferred() or set_deferred() to change monitoring state instead.
   at: body_set_shape_as_one_way_collision (modules/godot_physics_2d/godot_physics_server_2d.cpp:662)
   GDScript backtrace (most recent call first):
       [0] _die (res://scenes/enemy/ice_slime.gd:67)
       [1] take_damage (res://scenes/enemy/enemy.gd:118)
       [2] _on_body_entered (res://scenes/bullet/bullet.gd:47)
ERROR: Can't change this state while flushing queries. Use call_deferred() or set_deferred() to change monitoring state instead.
   at: body_set_shape_as_one_way_collision (modules/godot_physics_2d/godot_physics_server_2d.cpp:662)
   GDScript backtrace (most recent call first):
       [0] _die (res://scenes/enemy/ice_slime.gd:67)
       [1] take_damage (res://scenes/enemy/enemy.gd:118)
       [2] _on_body_entered (res://scenes/bullet/bullet.gd:47)
ERROR: Can't change this state while flushing queries. Use call_deferred() or set_deferred() to change monitoring state instead.
   at: body_set_shape_as_one_way_collision (modules/godot_physics_2d/godot_physics_server_2d.cpp:662)
   GDScript backtrace (most recent call first):
       [0] _die (res://scenes/enemy/ice_slime.gd:67)
       [1] take_damage (res://scenes/enemy/enemy.gd:118)
       [2] _on_body_entered (res://scenes/bullet/bullet.gd:47)
ERROR: Can't change this state while flushing queries. Use call_deferred() or set_deferred() to change monitoring state instead.
   at: body_set_shape_disabled (modules/godot_physics_2d/godot_physics_server_2d.cpp:653)
   GDScript backtrace (most recent call first):
       [0] _die (res://scenes/enemy/ice_slime.gd:67)
       [1] take_damage (res://scenes/enemy/enemy.gd:118)
       [2] _on_body_entered (res://scenes/bullet/bullet.gd:47)
ERROR: Can't change this state while flushing queries. Use call_deferred() or set_deferred() to change monitoring state instead.
   at: body_set_shape_as_one_way_collision (modules/godot_physics_2d/godot_physics_server_2d.cpp:662)
   GDScript backtrace (most recent call first):
       [0] _die (res://scenes/enemy/ice_slime.gd:67)
       [1] take_damage (res://scenes/enemy/enemy.gd:118)
       [2] _on_body_entered (res://scenes/bullet/bullet.gd:47)
ERROR: Can't change this state while flushing queries. Use call_deferred() or set_deferred() to change monitoring state instead.
   at: body_set_shape_as_one_way_collision (modules/godot_physics_2d/godot_physics_server_2d.cpp:662)
   GDScript backtrace (most recent call first):
       [0] _die (res://scenes/enemy/ice_slime.gd:67)
       [1] take_damage (res://scenes/enemy/enemy.gd:118)
       [2] _on_body_entered (res://scenes/bullet/bullet.gd:47)
ERROR: Can't change this state while flushing queries. Use call_deferred() or set_deferred() to change monitoring state instead.
   at: body_set_shape_as_one_way_collision (modules/godot_physics_2d/godot_physics_server_2d.cpp:662)
   GDScript backtrace (most recent call first):
       [0] _die (res://scenes/enemy/ice_slime.gd:67)
       [1] take_damage (res://scenes/enemy/enemy.gd:118)
       [2] _on_body_entered (res://scenes/bullet/bullet.gd:47)
ERROR: Can't change this state while flushing queries. Use call_deferred() or set_deferred() to change monitoring state instead.
   at: body_set_shape_disabled (modules/godot_physics_2d/godot_physics_server_2d.cpp:653)
   GDScript backtrace (most recent call first):
       [0] _die (res://scenes/enemy/ice_slime.gd:67)
       [1] take_damage (res://scenes/enemy/enemy.gd:118)
       [2] _on_body_entered (res://scenes/bullet/bullet.gd:47)
ERROR: Can't change this state while flushing queries. Use call_deferred() or set_deferred() to change monitoring state instead.
   at: body_set_shape_as_one_way_collision (modules/godot_physics_2d/godot_physics_server_2d.cpp:662)
   GDScript backtrace (most recent call first):
       [0] _die (res://scenes/enemy/ice_slime.gd:67)
       [1] take_damage (res://scenes/enemy/enemy.gd:118)
       [2] _on_body_entered (res://scenes/bullet/bullet.gd:47)
ERROR: Can't change this state while flushing queries. Use call_deferred() or set_deferred() to change monitoring state instead.
   at: body_set_shape_as_one_way_collision (modules/godot_physics_2d/godot_physics_server_2d.cpp:662)
   GDScript backtrace (most recent call first):
       [0] _die (res://scenes/enemy/ice_slime.gd:67)
       [1] take_damage (res://scenes/enemy/enemy.gd:118)
       [2] _on_body_entered (res://scenes/bullet/bullet.gd:47)
ERROR: Can't change this state while flushing queries. Use call_deferred() or set_deferred() to change monitoring state instead.
   at: body_set_shape_as_one_way_collision (modules/godot_physics_2d/godot_physics_server_2d.cpp:662)
   GDScript backtrace (most recent call first):
       [0] _die (res://scenes/enemy/ice_slime.gd:67)
       [1] take_damage (res://scenes/enemy/enemy.gd:118)
       [2] _on_body_entered (res://scenes/bullet/bullet.gd:47)
ERROR: Can't change this state while flushing queries. Use call_deferred() or set_deferred() to change monitoring state instead.
   at: body_set_shape_disabled (modules/godot_physics_2d/godot_physics_server_2d.cpp:653)
   GDScript backtrace (most recent call first):
       [0] _die (res://scenes/enemy/ice_slime.gd:67)
       [1] take_damage (res://scenes/enemy/enemy.gd:118)
       [2] _on_body_entered (res://scenes/bullet/bullet.gd:47)
ERROR: Can't change this state while flushing queries. Use call_deferred() or set_deferred() to change monitoring state instead.
   at: body_set_shape_as_one_way_collision (modules/godot_physics_2d/godot_physics_server_2d.cpp:662)
   GDScript backtrace (most recent call first):
       [0] _die (res://scenes/enemy/ice_slime.gd:67)
       [1] take_damage (res://scenes/enemy/enemy.gd:118)
       [2] _on_body_entered (res://scenes/bullet/bullet.gd:47)
ERROR: Can't change this state while flushing queries. Use call_deferred() or set_deferred() to change monitoring state instead.
   at: body_set_shape_as_one_way_collision (modules/godot_physics_2d/godot_physics_server_2d.cpp:662)
   GDScript backtrace (most recent call first):
       [0] _die (res://scenes/enemy/ice_slime.gd:67)
       [1] take_damage (res://scenes/enemy/enemy.gd:118)
       [2] _on_body_entered (res://scenes/bullet/bullet.gd:47)
ERROR: Can't change this state while flushing queries. Use call_deferred() or set_deferred() to change monitoring state instead.
   at: body_set_shape_as_one_way_collision (modules/godot_physics_2d/godot_physics_server_2d.cpp:662)
   GDScript backtrace (most recent call first):
       [0] _die (res://scenes/enemy/ice_slime.gd:67)
       [1] take_damage (res://scenes/enemy/enemy.gd:118)
       [2] _on_body_entered (res://scenes/bullet/bullet.gd:47)
ERROR: Can't change this state while flushing queries. Use call_deferred() or set_deferred() to change monitoring state instead.
   at: body_set_shape_disabled (modules/godot_physics_2d/godot_physics_server_2d.cpp:653)
   GDScript backtrace (most recent call first):
       [0] _die (res://scenes/enemy/ice_slime.gd:67)
       [1] take_damage (res://scenes/enemy/enemy.gd:118)
       [2] _on_body_entered (res://scenes/bullet/bullet.gd:47)
ERROR: Can't change this state while flushing queries. Use call_deferred() or set_deferred() to change monitoring state instead.
   at: body_set_shape_as_one_way_collision (modules/godot_physics_2d/godot_physics_server_2d.cpp:662)
   GDScript backtrace (most recent call first):
       [0] _die (res://scenes/enemy/ice_slime.gd:67)
       [1] take_damage (res://scenes/enemy/enemy.gd:118)
       [2] _on_body_entered (res://scenes/bullet/bullet.gd:47)
ERROR: Can't change this state while flushing queries. Use call_deferred() or set_deferred() to change monitoring state instead.
   at: body_set_shape_as_one_way_collision (modules/godot_physics_2d/godot_physics_server_2d.cpp:662)
   GDScript backtrace (most recent call first):
       [0] _die (res://scenes/enemy/ice_slime.gd:67)
       [1] take_damage (res://scenes/enemy/enemy.gd:118)
       [2] _on_body_entered (res://scenes/bullet/bullet.gd:47)
ERROR: Can't change this state while flushing queries. Use call_deferred() or set_deferred() to change monitoring state instead.
   at: body_set_shape_as_one_way_collision (modules/godot_physics_2d/godot_physics_server_2d.cpp:662)
   GDScript backtrace (most recent call first):
       [0] _die (res://scenes/enemy/ice_slime.gd:67)
       [1] take_damage (res://scenes/enemy/enemy.gd:118)
       [2] _on_body_entered (res://scenes/bullet/bullet.gd:47)
ERROR: Can't change this state while flushing queries. Use call_deferred() or set_deferred() to change monitoring state instead.
   at: body_set_shape_disabled (modules/godot_physics_2d/godot_physics_server_2d.cpp:653)
   GDScript backtrace (most recent call first):
       [0] _die (res://scenes/enemy/ice_slime.gd:67)
       [1] take_damage (res://scenes/enemy/enemy.gd:118)
       [2] _on_body_entered (res://scenes/bullet/bullet.gd:47)
ERROR: Can't change this state while flushing queries. Use call_deferred() or set_deferred() to change monitoring state instead.
   at: body_set_shape_as_one_way_collision (modules/godot_physics_2d/godot_physics_server_2d.cpp:662)
   GDScript backtrace (most recent call first):
       [0] _die (res://scenes/enemy/ice_slime.gd:67)
       [1] take_damage (res://scenes/enemy/enemy.gd:118)
       [2] _on_body_entered (res://scenes/bullet/bullet.gd:47)
ERROR: Can't change this state while flushing queries. Use call_deferred() or set_deferred() to change monitoring state instead.
   at: body_set_shape_as_one_way_collision (modules/godot_physics_2d/godot_physics_server_2d.cpp:662)
   GDScript backtrace (most recent call first):
       [0] _die (res://scenes/enemy/ice_slime.gd:67)
       [1] take_damage (res://scenes/enemy/enemy.gd:118)
       [2] _on_body_entered (res://scenes/bullet/bullet.gd:47)
ERROR: Can't change this state while flushing queries. Use call_deferred() or set_deferred() to change monitoring state instead.
   at: body_set_shape_as_one_way_collision (modules/godot_physics_2d/godot_physics_server_2d.cpp:662)
   GDScript backtrace (most recent call first):
       [0] _die (res://scenes/enemy/ice_slime.gd:67)
       [1] take_damage (res://scenes/enemy/enemy.gd:118)
       [2] _on_body_entered (res://scenes/bullet/bullet.gd:47)
ERROR: Can't change this state while flushing queries. Use call_deferred() or set_deferred() to change monitoring state instead.
   at: body_set_shape_disabled (modules/godot_physics_2d/godot_physics_server_2d.cpp:653)
   GDScript backtrace (most recent call first):
       [0] _die (res://scenes/enemy/ice_slime.gd:67)
       [1] take_damage (res://scenes/enemy/enemy.gd:118)
       [2] _on_body_entered (res://scenes/bullet/bullet.gd:47)
ERROR: Can't change this state while flushing queries. Use call_deferred() or set_deferred() to change monitoring state instead.
   at: body_set_shape_as_one_way_collision (modules/godot_physics_2d/godot_physics_server_2d.cpp:662)
   GDScript backtrace (most recent call first):
       [0] _die (res://scenes/enemy/ice_slime.gd:67)
       [1] take_damage (res://scenes/enemy/enemy.gd:118)
       [2] _on_body_entered (res://scenes/bullet/bullet.gd:47)
ERROR: Can't change this state while flushing queries. Use call_deferred() or set_deferred() to change monitoring state instead.
   at: body_set_shape_as_one_way_collision (modules/godot_physics_2d/godot_physics_server_2d.cpp:662)
   GDScript backtrace (most recent call first):
       [0] _die (res://scenes/enemy/ice_slime.gd:67)
       [1] take_damage (res://scenes/enemy/enemy.gd:118)
       [2] _on_body_entered (res://scenes/bullet/bullet.gd:47)
ERROR: Can't change this state while flushing queries. Use call_deferred() or set_deferred() to change monitoring state instead.
   at: body_set_shape_as_one_way_collision (modules/godot_physics_2d/godot_physics_server_2d.cpp:662)
   GDScript backtrace (most recent call first):
       [0] _die (res://scenes/enemy/ice_slime.gd:67)
       [1] take_damage (res://scenes/enemy/enemy.gd:118)
       [2] _on_body_entered (res://scenes/bullet/bullet.gd:47)
ERROR: Can't change this state while flushing queries. Use call_deferred() or set_deferred() to change monitoring state instead.
   at: body_set_shape_disabled (modules/godot_physics_2d/godot_physics_server_2d.cpp:653)
   GDScript backtrace (most recent call first):
       [0] _die (res://scenes/enemy/ice_slime.gd:67)
       [1] take_damage (res://scenes/enemy/enemy.gd:118)
       [2] _on_body_entered (res://scenes/bullet/bullet.gd:47)
ERROR: Can't change this state while flushing queries. Use call_deferred() or set_deferred() to change monitoring state instead.
   at: body_set_shape_as_one_way_collision (modules/godot_physics_2d/godot_physics_server_2d.cpp:662)
   GDScript backtrace (most recent call first):
       [0] _die (res://scenes/enemy/ice_slime.gd:67)
       [1] take_damage (res://scenes/enemy/enemy.gd:118)
       [2] _on_body_entered (res://scenes/bullet/bullet.gd:47)
ERROR: Can't change this state while flushing queries. Use call_deferred() or set_deferred() to change monitoring state instead.
   at: body_set_shape_as_one_way_collision (modules/godot_physics_2d/godot_physics_server_2d.cpp:662)
   GDScript backtrace (most recent call first):
       [0] _die (res://scenes/enemy/ice_slime.gd:67)
       [1] take_damage (res://scenes/enemy/enemy.gd:118)
       [2] _on_body_entered (res://scenes/bullet/bullet.gd:47)
ERROR: Can't change this state while flushing queries. Use call_deferred() or set_deferred() to change monitoring state instead.
   at: body_set_shape_as_one_way_collision (modules/godot_physics_2d/godot_physics_server_2d.cpp:662)
   GDScript backtrace (most recent call first):
       [0] _die (res://scenes/enemy/ice_slime.gd:67)
       [1] take_damage (res://scenes/enemy/enemy.gd:118)
       [2] _on_body_entered (res://scenes/bullet/bullet.gd:47)
ERROR: Can't change this state while flushing queries. Use call_deferred() or set_deferred() to change monitoring state instead.
   at: body_set_shape_disabled (modules/godot_physics_2d/godot_physics_server_2d.cpp:653)
   GDScript backtrace (most recent call first):
       [0] _die (res://scenes/enemy/ice_slime.gd:67)
       [1] take_damage (res://scenes/enemy/enemy.gd:118)
       [2] _on_body_entered (res://scenes/bullet/bullet.gd:47)
ERROR: Can't change this state while flushing queries. Use call_deferred() or set_deferred() to change monitoring state instead.
   at: body_set_shape_as_one_way_collision (modules/godot_physics_2d/godot_physics_server_2d.cpp:662)
   GDScript backtrace (most recent call first):
       [0] _die (res://scenes/enemy/ice_slime.gd:67)
       [1] take_damage (res://scenes/enemy/enemy.gd:118)
       [2] _on_body_entered (res://scenes/bullet/bullet.gd:47)
ERROR: Can't change this state while flushing queries. Use call_deferred() or set_deferred() to change monitoring state instead.
   at: body_set_shape_as_one_way_collision (modules/godot_physics_2d/godot_physics_server_2d.cpp:662)
   GDScript backtrace (most recent call first):
       [0] _die (res://scenes/enemy/ice_slime.gd:67)
       [1] take_damage (res://scenes/enemy/enemy.gd:118)
       [2] _on_body_entered (res://scenes/bullet/bullet.gd:47)
ERROR: Can't change this state while flushing queries. Use call_deferred() or set_deferred() to change monitoring state instead.
   at: body_set_shape_as_one_way_collision (modules/godot_physics_2d/godot_physics_server_2d.cpp:662)
   GDScript backtrace (most recent call first):
       [0] _die (res://scenes/enemy/ice_slime.gd:67)
       [1] take_damage (res://scenes/enemy/enemy.gd:118)
       [2] _on_body_entered (res://scenes/bullet/bullet.gd:47)
ERROR: Can't change this state while flushing queries. Use call_deferred() or set_deferred() to change monitoring state instead.
   at: body_set_shape_disabled (modules/godot_physics_2d/godot_physics_server_2d.cpp:653)
   GDScript backtrace (most recent call first):
       [0] _die (res://scenes/enemy/ice_slime.gd:67)
       [1] take_damage (res://scenes/enemy/enemy.gd:118)
       [2] _on_body_entered (res://scenes/bullet/bullet.gd:47)
ERROR: Can't change this state while flushing queries. Use call_deferred() or set_deferred() to change monitoring state instead.
   at: body_set_shape_as_one_way_collision (modules/godot_physics_2d/godot_physics_server_2d.cpp:662)
   GDScript backtrace (most recent call first):
       [0] _die (res://scenes/enemy/ice_slime.gd:67)
       [1] take_damage (res://scenes/enemy/enemy.gd:118)
       [2] _on_body_entered (res://scenes/bullet/bullet.gd:47)
ERROR: Can't change this state while flushing queries. Use call_deferred() or set_deferred() to change monitoring state instead.
   at: body_set_shape_as_one_way_collision (modules/godot_physics_2d/godot_physics_server_2d.cpp:662)
   GDScript backtrace (most recent call first):
       [0] _die (res://scenes/enemy/ice_slime.gd:67)
       [1] take_damage (res://scenes/enemy/enemy.gd:118)
       [2] _on_body_entered (res://scenes/bullet/bullet.gd:47)
ERROR: Can't change this state while flushing queries. Use call_deferred() or set_deferred() to change monitoring state instead.
   at: body_set_shape_as_one_way_collision (modules/godot_physics_2d/godot_physics_server_2d.cpp:662)
   GDScript backtrace (most recent call first):
       [0] _die (res://scenes/enemy/ice_slime.gd:67)
       [1] take_damage (res://scenes/enemy/enemy.gd:118)
       [2] _on_body_entered (res://scenes/bullet/bullet.gd:47)
ERROR: Can't change this state while flushing queries. Use call_deferred() or set_deferred() to change monitoring state instead.
   at: body_set_shape_disabled (modules/godot_physics_2d/godot_physics_server_2d.cpp:653)
   GDScript backtrace (most recent call first):
       [0] _die (res://scenes/enemy/ice_slime.gd:67)
       [1] take_damage (res://scenes/enemy/enemy.gd:118)
       [2] _on_body_entered (res://scenes/bullet/bullet.gd:47)
ERROR: Can't change this state while flushing queries. Use call_deferred() or set_deferred() to change monitoring state instead.
   at: body_set_shape_as_one_way_collision (modules/godot_physics_2d/godot_physics_server_2d.cpp:662)
   GDScript backtrace (most recent call first):
       [0] _die (res://scenes/enemy/ice_slime.gd:67)
       [1] take_damage (res://scenes/enemy/enemy.gd:118)
       [2] _on_body_entered (res://scenes/bullet/bullet.gd:47)
ERROR: Can't change this state while flushing queries. Use call_deferred() or set_deferred() to change monitoring state instead.
   at: body_set_shape_as_one_way_collision (modules/godot_physics_2d/godot_physics_server_2d.cpp:662)
   GDScript backtrace (most recent call first):
       [0] _die (res://scenes/enemy/ice_slime.gd:67)
       [1] take_damage (res://scenes/enemy/enemy.gd:118)
       [2] _on_body_entered (res://scenes/bullet/bullet.gd:47)
ERROR: Can't change this state while flushing queries. Use call_deferred() or set_deferred() to change monitoring state instead.
   at: body_set_shape_as_one_way_collision (modules/godot_physics_2d/godot_physics_server_2d.cpp:662)
   GDScript backtrace (most recent call first):
       [0] _die (res://scenes/enemy/ice_slime.gd:67)
       [1] take_damage (res://scenes/enemy/enemy.gd:118)
       [2] _on_body_entered (res://scenes/bullet/bullet.gd:47)
ERROR: Can't change this state while flushing queries. Use call_deferred() or set_deferred() to change monitoring state instead.
   at: body_set_shape_disabled (modules/godot_physics_2d/godot_physics_server_2d.cpp:653)
   GDScript backtrace (most recent call first):
       [0] _die (res://scenes/enemy/ice_slime.gd:67)
       [1] take_damage (res://scenes/enemy/enemy.gd:118)
       [2] _on_body_entered (res://scenes/bullet/bullet.gd:47)
ERROR: Can't change this state while flushing queries. Use call_deferred() or set_deferred() to change monitoring state instead.
   at: body_set_shape_as_one_way_collision (modules/godot_physics_2d/godot_physics_server_2d.cpp:662)
   GDScript backtrace (most recent call first):
       [0] _die (res://scenes/enemy/ice_slime.gd:67)
       [1] take_damage (res://scenes/enemy/enemy.gd:118)
       [2] _on_body_entered (res://scenes/bullet/bullet.gd:47)
ERROR: Can't change this state while flushing queries. Use call_deferred() or set_deferred() to change monitoring state instead.
   at: body_set_shape_as_one_way_collision (modules/godot_physics_2d/godot_physics_server_2d.cpp:662)
   GDScript backtrace (most recent call first):
       [0] _die (res://scenes/enemy/ice_slime.gd:67)
       [1] take_damage (res://scenes/enemy/enemy.gd:118)
       [2] _on_body_entered (res://scenes/bullet/bullet.gd:47)
ERROR: Can't change this state while flushing queries. Use call_deferred() or set_deferred() to change monitoring state instead.
   at: body_set_shape_as_one_way_collision (modules/godot_physics_2d/godot_physics_server_2d.cpp:662)
   GDScript backtrace (most recent call first):
       [0] _die (res://scenes/enemy/ice_slime.gd:67)
       [1] take_damage (res://scenes/enemy/enemy.gd:118)
       [2] _on_body_entered (res://scenes/bullet/bullet.gd:47)
ERROR: Can't change this state while flushing queries. Use call_deferred() or set_deferred() to change monitoring state instead.
   at: body_set_shape_disabled (modules/godot_physics_2d/godot_physics_server_2d.cpp:653)
   GDScript backtrace (most recent call first):
       [0] _die (res://scenes/enemy/ice_slime.gd:67)
       [1] take_damage (res://scenes/enemy/enemy.gd:118)
       [2] _on_body_entered (res://scenes/bullet/bullet.gd:47)
ERROR: Can't change this state while flushing queries. Use call_deferred() or set_deferred() to change monitoring state instead.
   at: body_set_shape_as_one_way_collision (modules/godot_physics_2d/godot_physics_server_2d.cpp:662)
   GDScript backtrace (most recent call first):
       [0] _die (res://scenes/enemy/ice_slime.gd:67)
       [1] take_damage (res://scenes/enemy/enemy.gd:118)
       [2] _on_body_entered (res://scenes/bullet/bullet.gd:47)
ERROR: Can't change this state while flushing queries. Use call_deferred() or set_deferred() to change monitoring state instead.
   at: body_set_shape_as_one_way_collision (modules/godot_physics_2d/godot_physics_server_2d.cpp:662)
   GDScript backtrace (most recent call first):
       [0] _die (res://scenes/enemy/ice_slime.gd:67)
       [1] take_damage (res://scenes/enemy/enemy.gd:118)
       [2] _on_body_entered (res://scenes/bullet/bullet.gd:47)
ERROR: Can't change this state while flushing queries. Use call_deferred() or set_deferred() to change monitoring state instead.
   at: body_set_shape_as_one_way_collision (modules/godot_physics_2d/godot_physics_server_2d.cpp:662)
   GDScript backtrace (most recent call first):
       [0] _die (res://scenes/enemy/ice_slime.gd:67)
       [1] take_damage (res://scenes/enemy/enemy.gd:118)
       [2] _on_body_entered (res://scenes/bullet/bullet.gd:47)
ERROR: Can't change this state while flushing queries. Use call_deferred() or set_deferred() to change monitoring state instead.
   at: body_set_shape_disabled (modules/godot_physics_2d/godot_physics_server_2d.cpp:653)
   GDScript backtrace (most recent call first):
       [0] _die (res://scenes/enemy/ice_slime.gd:67)
       [1] take_damage (res://scenes/enemy/enemy.gd:118)
       [2] _on_body_entered (res://scenes/bullet/bullet.gd:47)
ERROR: Can't change this state while flushing queries. Use call_deferred() or set_deferred() to change monitoring state instead.
   at: body_set_shape_as_one_way_collision (modules/godot_physics_2d/godot_physics_server_2d.cpp:662)
   GDScript backtrace (most recent call first):
       [0] _die (res://scenes/enemy/ice_slime.gd:67)
       [1] take_damage (res://scenes/enemy/enemy.gd:118)
       [2] _on_body_entered (res://scenes/bullet/bullet.gd:47)
ERROR: Can't change this state while flushing queries. Use call_deferred() or set_deferred() to change monitoring state instead.
   at: body_set_shape_as_one_way_collision (modules/godot_physics_2d/godot_physics_server_2d.cpp:662)
   GDScript backtrace (most recent call first):
       [0] _die (res://scenes/enemy/ice_slime.gd:67)
       [1] take_damage (res://scenes/enemy/enemy.gd:118)
       [2] _on_body_entered (res://scenes/bullet/bullet.gd:47)
ERROR: Can't change this state while flushing queries. Use call_deferred() or set_deferred() to change monitoring state instead.
   at: body_set_shape_as_one_way_collision (modules/godot_physics_2d/godot_physics_server_2d.cpp:662)
   GDScript backtrace (most recent call first):
       [0] _die (res://scenes/enemy/ice_slime.gd:67)
       [1] take_damage (res://scenes/enemy/enemy.gd:118)
       [2] _on_body_entered (res://scenes/bullet/bullet.gd:47)
ERROR: Can't change this state while flushing queries. Use call_deferred() or set_deferred() to change monitoring state instead.
   at: body_set_shape_disabled (modules/godot_physics_2d/godot_physics_server_2d.cpp:653)
   GDScript backtrace (most recent call first):
       [0] _die (res://scenes/enemy/ice_slime.gd:67)
       [1] take_damage (res://scenes/enemy/enemy.gd:118)
       [2] _on_body_entered (res://scenes/bullet/bullet.gd:47)
ERROR: Can't change this state while flushing queries. Use call_deferred() or set_deferred() to change monitoring state instead.
   at: body_set_shape_as_one_way_collision (modules/godot_physics_2d/godot_physics_server_2d.cpp:662)
   GDScript backtrace (most recent call first):
       [0] _die (res://scenes/enemy/ice_slime.gd:67)
       [1] take_damage (res://scenes/enemy/enemy.gd:118)
       [2] _on_body_entered (res://scenes/bullet/bullet.gd:47)
ERROR: Can't change this state while flushing queries. Use call_deferred() or set_deferred() to change monitoring state instead.
   at: body_set_shape_as_one_way_collision (modules/godot_physics_2d/godot_physics_server_2d.cpp:662)
   GDScript backtrace (most recent call first):
       [0] _die (res://scenes/enemy/ice_slime.gd:67)
       [1] take_damage (res://scenes/enemy/enemy.gd:118)
       [2] _on_body_entered (res://scenes/bullet/bullet.gd:47)
ERROR: Can't change this state while flushing queries. Use call_deferred() or set_deferred() to change monitoring state instead.
   at: body_set_shape_as_one_way_collision (modules/godot_physics_2d/godot_physics_server_2d.cpp:662)
   GDScript backtrace (most recent call first):
       [0] _die (res://scenes/enemy/ice_slime.gd:67)
       [1] take_damage (res://scenes/enemy/enemy.gd:118)
       [2] _on_body_entered (res://scenes/bullet/bullet.gd:47)
ERROR: Can't change this state while flushing queries. Use call_deferred() or set_deferred() to change monitoring state instead.
   at: body_set_shape_disabled (modules/godot_physics_2d/godot_physics_server_2d.cpp:653)
   GDScript backtrace (most recent call first):
       [0] _die (res://scenes/enemy/ice_slime.gd:67)
       [1] take_damage (res://scenes/enemy/enemy.gd:118)
       [2] _on_body_entered (res://scenes/bullet/bullet.gd:47)
ERROR: Can't change this state while flushing queries. Use call_deferred() or set_deferred() to change monitoring state instead.
   at: body_set_shape_as_one_way_collision (modules/godot_physics_2d/godot_physics_server_2d.cpp:662)
   GDScript backtrace (most recent call first):
       [0] _die (res://scenes/enemy/ice_slime.gd:67)
       [1] take_damage (res://scenes/enemy/enemy.gd:118)
       [2] _on_body_entered (res://scenes/bullet/bullet.gd:47)
ERROR: Can't change this state while flushing queries. Use call_deferred() or set_deferred() to change monitoring state instead.
   at: body_set_shape_as_one_way_collision (modules/godot_physics_2d/godot_physics_server_2d.cpp:662)
   GDScript backtrace (most recent call first):
       [0] _die (res://scenes/enemy/ice_slime.gd:67)
       [1] take_damage (res://scenes/enemy/enemy.gd:118)
       [2] _on_body_entered (res://scenes/bullet/bullet.gd:47)
ERROR: Can't change this state while flushing queries. Use call_deferred() or set_deferred() to change monitoring state instead.
   at: body_set_shape_as_one_way_collision (modules/godot_physics_2d/godot_physics_server_2d.cpp:662)
   GDScript backtrace (most recent call first):
       [0] _die (res://scenes/enemy/ice_slime.gd:67)
       [1] take_damage (res://scenes/enemy/enemy.gd:118)
       [2] _on_body_entered (res://scenes/bullet/bullet.gd:47)
ERROR: Texture with GL ID of 40: leaked 1136 bytes.
   at: ~Utilities (drivers/gles3/storage/utilities.cpp:82)
ERROR: Parameter "RenderingServer::get_singleton()" is null.
   at: ~CompressedTexture2D (scene/resources/compressed_texture.cpp:464)
ERROR: 1 RID allocations of type 'N5GLES37TextureE' were leaked at exit.
